Analysis & Synthesis report for LAB01SYSWBUDOWANE
Wed Nov 06 21:43:54 2024
Quartus Prime Version 17.1.0 Build 590 10/25/2017 SJ Lite Edition


---------------------
; Table of Contents ;
---------------------
  1. Legal Notice
  2. Analysis & Synthesis Summary
  3. Analysis & Synthesis Settings
  4. Parallel Compilation
  5. Analysis & Synthesis IP Cores Summary
  6. Analysis & Synthesis Messages
  7. Analysis & Synthesis Suppressed Messages



----------------
; Legal Notice ;
----------------
Copyright (C) 2017  Intel Corporation. All rights reserved.
Your use of Intel Corporation's design tools, logic functions 
and other software and tools, and its AMPP partner logic 
functions, and any output files from any of the foregoing 
(including device programming or simulation files), and any 
associated documentation or information are expressly subject 
to the terms and conditions of the Intel Program License 
Subscription Agreement, the Intel Quartus Prime License Agreement,
the Intel FPGA IP License Agreement, or other applicable license
agreement, including, without limitation, that your use is for
the sole purpose of programming logic devices manufactured by
Intel and sold by Intel or its authorized distributors.  Please
refer to the applicable agreement for further details.



+---------------------------------------------------------------------------+
; Analysis & Synthesis Summary                                              ;
+-----------------------------+---------------------------------------------+
; Analysis & Synthesis Status ; Failed - Wed Nov 06 21:43:54 2024           ;
; Quartus Prime Version       ; 17.1.0 Build 590 10/25/2017 SJ Lite Edition ;
; Revision Name               ; LAB01SYSWBUDOWANE                           ;
; Top-level Entity Name       ; LAB01SYSWBUDOWANE                           ;
; Family                      ; Cyclone V                                   ;
; Logic utilization (in ALMs) ; N/A until Partition Merge                   ;
; Total registers             ; N/A until Partition Merge                   ;
; Total pins                  ; N/A until Partition Merge                   ;
; Total virtual pins          ; N/A until Partition Merge                   ;
; Total block memory bits     ; N/A until Partition Merge                   ;
; Total PLLs                  ; N/A until Partition Merge                   ;
; Total DLLs                  ; N/A until Partition Merge                   ;
+-----------------------------+---------------------------------------------+


+---------------------------------------------------------------------------------------------------------------------------+
; Analysis & Synthesis Settings                                                                                             ;
+---------------------------------------------------------------------------------+--------------------+--------------------+
; Option                                                                          ; Setting            ; Default Value      ;
+---------------------------------------------------------------------------------+--------------------+--------------------+
; Device                                                                          ; 5CSEMA5F31C6       ;                    ;
; Top-level entity name                                                           ; LAB01SYSWBUDOWANE  ; LAB01SYSWBUDOWANE  ;
; Family name                                                                     ; Cyclone V          ; Cyclone V          ;
; Use smart compilation                                                           ; Off                ; Off                ;
; Enable parallel Assembler and TimeQuest Timing Analyzer during compilation      ; On                 ; On                 ;
; Enable compact report table                                                     ; Off                ; Off                ;
; Restructure Multiplexers                                                        ; Auto               ; Auto               ;
; MLAB Add Timing Constraints For Mixed-Port Feed-Through Mode Setting Don't Care ; Off                ; Off                ;
; Create Debugging Nodes for IP Cores                                             ; Off                ; Off                ;
; Preserve fewer node names                                                       ; On                 ; On                 ;
; Intel FPGA IP Evaluation Mode                                                   ; Enable             ; Enable             ;
; Verilog Version                                                                 ; Verilog_2001       ; Verilog_2001       ;
; VHDL Version                                                                    ; VHDL_1993          ; VHDL_1993          ;
; State Machine Processing                                                        ; Auto               ; Auto               ;
; Safe State Machine                                                              ; Off                ; Off                ;
; Extract Verilog State Machines                                                  ; On                 ; On                 ;
; Extract VHDL State Machines                                                     ; On                 ; On                 ;
; Ignore Verilog initial constructs                                               ; Off                ; Off                ;
; Iteration limit for constant Verilog loops                                      ; 5000               ; 5000               ;
; Iteration limit for non-constant Verilog loops                                  ; 250                ; 250                ;
; Add Pass-Through Logic to Inferred RAMs                                         ; On                 ; On                 ;
; Infer RAMs from Raw Logic                                                       ; On                 ; On                 ;
; Parallel Synthesis                                                              ; On                 ; On                 ;
; DSP Block Balancing                                                             ; Auto               ; Auto               ;
; NOT Gate Push-Back                                                              ; On                 ; On                 ;
; Power-Up Don't Care                                                             ; On                 ; On                 ;
; Remove Redundant Logic Cells                                                    ; Off                ; Off                ;
; Remove Duplicate Registers                                                      ; On                 ; On                 ;
; Ignore CARRY Buffers                                                            ; Off                ; Off                ;
; Ignore CASCADE Buffers                                                          ; Off                ; Off                ;
; Ignore GLOBAL Buffers                                                           ; Off                ; Off                ;
; Ignore ROW GLOBAL Buffers                                                       ; Off                ; Off                ;
; Ignore LCELL Buffers                                                            ; Off                ; Off                ;
; Ignore SOFT Buffers                                                             ; On                 ; On                 ;
; Limit AHDL Integers to 32 Bits                                                  ; Off                ; Off                ;
; Optimization Technique                                                          ; Balanced           ; Balanced           ;
; Carry Chain Length                                                              ; 70                 ; 70                 ;
; Auto Carry Chains                                                               ; On                 ; On                 ;
; Auto Open-Drain Pins                                                            ; On                 ; On                 ;
; Perform WYSIWYG Primitive Resynthesis                                           ; Off                ; Off                ;
; Auto ROM Replacement                                                            ; On                 ; On                 ;
; Auto RAM Replacement                                                            ; On                 ; On                 ;
; Auto DSP Block Replacement                                                      ; On                 ; On                 ;
; Auto Shift Register Replacement                                                 ; Auto               ; Auto               ;
; Allow Shift Register Merging across Hierarchies                                 ; Auto               ; Auto               ;
; Auto Clock Enable Replacement                                                   ; On                 ; On                 ;
; Strict RAM Replacement                                                          ; Off                ; Off                ;
; Allow Synchronous Control Signals                                               ; On                 ; On                 ;
; Force Use of Synchronous Clear Signals                                          ; Off                ; Off                ;
; Auto Resource Sharing                                                           ; Off                ; Off                ;
; Allow Any RAM Size For Recognition                                              ; Off                ; Off                ;
; Allow Any ROM Size For Recognition                                              ; Off                ; Off                ;
; Allow Any Shift Register Size For Recognition                                   ; Off                ; Off                ;
; Use LogicLock Constraints during Resource Balancing                             ; On                 ; On                 ;
; Ignore translate_off and synthesis_off directives                               ; Off                ; Off                ;
; Timing-Driven Synthesis                                                         ; On                 ; On                 ;
; Report Parameter Settings                                                       ; On                 ; On                 ;
; Report Source Assignments                                                       ; On                 ; On                 ;
; Report Connectivity Checks                                                      ; On                 ; On                 ;
; Ignore Maximum Fan-Out Assignments                                              ; Off                ; Off                ;
; Synchronization Register Chain Length                                           ; 3                  ; 3                  ;
; Power Optimization During Synthesis                                             ; Normal compilation ; Normal compilation ;
; HDL message level                                                               ; Level2             ; Level2             ;
; Suppress Register Optimization Related Messages                                 ; Off                ; Off                ;
; Number of Removed Registers Reported in Synthesis Report                        ; 5000               ; 5000               ;
; Number of Swept Nodes Reported in Synthesis Report                              ; 5000               ; 5000               ;
; Number of Inverted Registers Reported in Synthesis Report                       ; 100                ; 100                ;
; Clock MUX Protection                                                            ; On                 ; On                 ;
; Auto Gated Clock Conversion                                                     ; Off                ; Off                ;
; Block Design Naming                                                             ; Auto               ; Auto               ;
; SDC constraint protection                                                       ; Off                ; Off                ;
; Synthesis Effort                                                                ; Auto               ; Auto               ;
; Shift Register Replacement - Allow Asynchronous Clear Signal                    ; On                 ; On                 ;
; Pre-Mapping Resynthesis Optimization                                            ; Off                ; Off                ;
; Analysis & Synthesis Message Level                                              ; Medium             ; Medium             ;
; Disable Register Merging Across Hierarchies                                     ; Auto               ; Auto               ;
; Resource Aware Inference For Block RAM                                          ; On                 ; On                 ;
; Automatic Parallel Synthesis                                                    ; On                 ; On                 ;
; Partial Reconfiguration Bitstream ID                                            ; Off                ; Off                ;
+---------------------------------------------------------------------------------+--------------------+--------------------+


+------------------------------------------+
; Parallel Compilation                     ;
+----------------------------+-------------+
; Processors                 ; Number      ;
+----------------------------+-------------+
; Number detected on machine ; 16          ;
; Maximum allowed            ; 16          ;
;                            ;             ;
; Average used               ; 1.00        ;
; Maximum used               ; 1           ;
;                            ;             ;
; Usage by Processor         ; % Time Used ;
;     Processor 1            ; 100.0%      ;
+----------------------------+-------------+


+-----------------------------------------------------------------------------------------------------------------------------------------+
; Analysis & Synthesis IP Cores Summary                                                                                                   ;
+--------+--------------+---------+--------------+--------------+--------------------+----------------------------------------------------+
; Vendor ; IP Core Name ; Version ; Release Date ; License Type ; Entity Instance    ; IP Include File                                    ;
+--------+--------------+---------+--------------+--------------+--------------------+----------------------------------------------------+
; N/A    ; Qsys         ; 17.1    ; N/A          ; N/A          ; |LAB01SYSWBUDOWANE ; A:/Pulpit/LAB01SYSWBUDOWANE/LAB01SYSWBUDOWANE.qsys ;
+--------+--------------+---------+--------------+--------------+--------------------+----------------------------------------------------+


+-------------------------------+
; Analysis & Synthesis Messages ;
+-------------------------------+
Info: *******************************************************************
Info: Running Quartus Prime Analysis & Synthesis
    Info: Version 17.1.0 Build 590 10/25/2017 SJ Lite Edition
    Info: Processing started: Wed Nov 06 21:42:44 2024
Info: Command: quartus_map --read_settings_files=on --write_settings_files=off LAB01SYSWBUDOWANE -c LAB01SYSWBUDOWANE
Warning (18236): Number of processors has not been specified which may cause overloading on shared machines.  Set the global assignment NUM_PARALLEL_PROCESSORS in your QSF to an appropriate value for best performance.
Info (20030): Parallel compilation is enabled and will use 16 of the 16 processors detected
Info (12248): Elaborating Platform Designer system entity "LAB01SYSWBUDOWANE.qsys"
Info (12250): 2024.11.06.21:42:59 Progress: Loading LAB01SYSWBUDOWANE/LAB01SYSWBUDOWANE.qsys
Info (12250): 2024.11.06.21:43:00 Progress: Reading input file
Info (12250): 2024.11.06.21:43:00 Progress: Adding HEX [SEG7_IF 1.0]
Info (12250): 2024.11.06.21:43:01 Progress: Parameterizing module HEX
Info (12250): 2024.11.06.21:43:01 Progress: Adding JTAG_UART [altera_avalon_jtag_uart 17.1]
Info (12250): 2024.11.06.21:43:01 Progress: Parameterizing module JTAG_UART
Info (12250): 2024.11.06.21:43:01 Progress: Adding NIOS_II_Processor [altera_nios2_gen2 17.1]
Info (12250): 2024.11.06.21:43:01 Progress: Parameterizing module NIOS_II_Processor
Info (12250): 2024.11.06.21:43:01 Progress: Adding OnChip_Memory [altera_avalon_onchip_memory2 17.1]
Info (12250): 2024.11.06.21:43:01 Progress: Parameterizing module OnChip_Memory
Info (12250): 2024.11.06.21:43:01 Progress: Adding clk_0 [clock_source 17.1]
Info (12250): 2024.11.06.21:43:01 Progress: Parameterizing module clk_0
Info (12250): 2024.11.06.21:43:01 Progress: Adding leds [altera_avalon_pio 17.1]
Info (12250): 2024.11.06.21:43:01 Progress: Parameterizing module leds
Info (12250): 2024.11.06.21:43:01 Progress: Adding pushbutton [altera_avalon_pio 17.1]
Info (12250): 2024.11.06.21:43:01 Progress: Parameterizing module pushbutton
Info (12250): 2024.11.06.21:43:01 Progress: Adding sw_sliders [altera_avalon_pio 17.1]
Info (12250): 2024.11.06.21:43:01 Progress: Parameterizing module sw_sliders
Info (12250): 2024.11.06.21:43:01 Progress: Building connections
Info (12250): 2024.11.06.21:43:01 Progress: Parameterizing connections
Info (12250): 2024.11.06.21:43:01 Progress: Validating
Info (12250): 2024.11.06.21:43:03 Progress: Done reading input file
Info (12250): LAB01SYSWBUDOWANE.JTAG_UART: JTAG UART IP input clock need to be at least double (2x) the operating frequency of JTAG TCK on board
Info (12250): LAB01SYSWBUDOWANE.pushbutton: PIO inputs are not hardwired in test bench. Undefined values will be read from PIO inputs during simulation.
Info (12250): LAB01SYSWBUDOWANE.sw_sliders: PIO inputs are not hardwired in test bench. Undefined values will be read from PIO inputs during simulation.
Info (12250): LAB01SYSWBUDOWANE: Generating LAB01SYSWBUDOWANE "LAB01SYSWBUDOWANE" for QUARTUS_SYNTH
Info (12250): HEX: "LAB01SYSWBUDOWANE" instantiated SEG7_IF "HEX"
Info (12250): JTAG_UART: Starting RTL generation for module 'LAB01SYSWBUDOWANE_JTAG_UART'
Info (12250): JTAG_UART:   Generation command is [exec A:/intelfpga_lite/quartus/bin64/perl/bin/perl.exe -I A:/intelfpga_lite/quartus/bin64/perl/lib -I A:/intelfpga_lite/quartus/sopc_builder/bin/europa -I A:/intelfpga_lite/quartus/sopc_builder/bin/perl_lib -I A:/intelfpga_lite/quartus/sopc_builder/bin -I A:/intelfpga_lite/quartus/../ip/altera/sopc_builder_ip/common -I A:/intelfpga_lite/quartus/../ip/altera/sopc_builder_ip/altera_avalon_jtag_uart -- A:/intelfpga_lite/quartus/../ip/altera/sopc_builder_ip/altera_avalon_jtag_uart/generate_rtl.pl --name=LAB01SYSWBUDOWANE_JTAG_UART --dir=C:/Users/SEBAST~1/AppData/Local/Temp/alt0033_3848136316234721135.dir/0003_JTAG_UART_gen/ --quartus_dir=A:/intelfpga_lite/quartus --verilog --config=C:/Users/SEBAST~1/AppData/Local/Temp/alt0033_3848136316234721135.dir/0003_JTAG_UART_gen//LAB01SYSWBUDOWANE_JTAG_UART_component_configuration.pl  --do_build_sim=0  ]
Info (12250): JTAG_UART: Done RTL generation for module 'LAB01SYSWBUDOWANE_JTAG_UART'
Info (12250): JTAG_UART: "LAB01SYSWBUDOWANE" instantiated altera_avalon_jtag_uart "JTAG_UART"
Info (12250): NIOS_II_Processor: "LAB01SYSWBUDOWANE" instantiated altera_nios2_gen2 "NIOS_II_Processor"
Info (12250): OnChip_Memory: Starting RTL generation for module 'LAB01SYSWBUDOWANE_OnChip_Memory'
Info (12250): OnChip_Memory:   Generation command is [exec A:/intelfpga_lite/quartus/bin64/perl/bin/perl.exe -I A:/intelfpga_lite/quartus/bin64/perl/lib -I A:/intelfpga_lite/quartus/sopc_builder/bin/europa -I A:/intelfpga_lite/quartus/sopc_builder/bin/perl_lib -I A:/intelfpga_lite/quartus/sopc_builder/bin -I A:/intelfpga_lite/quartus/../ip/altera/sopc_builder_ip/common -I A:/intelfpga_lite/quartus/../ip/altera/sopc_builder_ip/altera_avalon_onchip_memory2 -- A:/intelfpga_lite/quartus/../ip/altera/sopc_builder_ip/altera_avalon_onchip_memory2/generate_rtl.pl --name=LAB01SYSWBUDOWANE_OnChip_Memory --dir=C:/Users/SEBAST~1/AppData/Local/Temp/alt0033_3848136316234721135.dir/0004_OnChip_Memory_gen/ --quartus_dir=A:/intelfpga_lite/quartus --verilog --config=C:/Users/SEBAST~1/AppData/Local/Temp/alt0033_3848136316234721135.dir/0004_OnChip_Memory_gen//LAB01SYSWBUDOWANE_OnChip_Memory_component_configuration.pl  --do_build_sim=0  ]
Info (12250): OnChip_Memory: Done RTL generation for module 'LAB01SYSWBUDOWANE_OnChip_Memory'
Info (12250): OnChip_Memory: "LAB01SYSWBUDOWANE" instantiated altera_avalon_onchip_memory2 "OnChip_Memory"
Info (12250): Leds: Starting RTL generation for module 'LAB01SYSWBUDOWANE_leds'
Info (12250): Leds:   Generation command is [exec A:/intelfpga_lite/quartus/bin64/perl/bin/perl.exe -I A:/intelfpga_lite/quartus/bin64/perl/lib -I A:/intelfpga_lite/quartus/sopc_builder/bin/europa -I A:/intelfpga_lite/quartus/sopc_builder/bin/perl_lib -I A:/intelfpga_lite/quartus/sopc_builder/bin -I A:/intelfpga_lite/quartus/../ip/altera/sopc_builder_ip/common -I A:/intelfpga_lite/quartus/../ip/altera/sopc_builder_ip/altera_avalon_pio -- A:/intelfpga_lite/quartus/../ip/altera/sopc_builder_ip/altera_avalon_pio/generate_rtl.pl --name=LAB01SYSWBUDOWANE_leds --dir=C:/Users/SEBAST~1/AppData/Local/Temp/alt0033_3848136316234721135.dir/0005_leds_gen/ --quartus_dir=A:/intelfpga_lite/quartus --verilog --config=C:/Users/SEBAST~1/AppData/Local/Temp/alt0033_3848136316234721135.dir/0005_leds_gen//LAB01SYSWBUDOWANE_leds_component_configuration.pl  --do_build_sim=0  ]
Info (12250): Leds: Done RTL generation for module 'LAB01SYSWBUDOWANE_leds'
Info (12250): Leds: "LAB01SYSWBUDOWANE" instantiated altera_avalon_pio "leds"
Info (12250): Pushbutton: Starting RTL generation for module 'LAB01SYSWBUDOWANE_pushbutton'
Info (12250): Pushbutton:   Generation command is [exec A:/intelfpga_lite/quartus/bin64/perl/bin/perl.exe -I A:/intelfpga_lite/quartus/bin64/perl/lib -I A:/intelfpga_lite/quartus/sopc_builder/bin/europa -I A:/intelfpga_lite/quartus/sopc_builder/bin/perl_lib -I A:/intelfpga_lite/quartus/sopc_builder/bin -I A:/intelfpga_lite/quartus/../ip/altera/sopc_builder_ip/common -I A:/intelfpga_lite/quartus/../ip/altera/sopc_builder_ip/altera_avalon_pio -- A:/intelfpga_lite/quartus/../ip/altera/sopc_builder_ip/altera_avalon_pio/generate_rtl.pl --name=LAB01SYSWBUDOWANE_pushbutton --dir=C:/Users/SEBAST~1/AppData/Local/Temp/alt0033_3848136316234721135.dir/0006_pushbutton_gen/ --quartus_dir=A:/intelfpga_lite/quartus --verilog --config=C:/Users/SEBAST~1/AppData/Local/Temp/alt0033_3848136316234721135.dir/0006_pushbutton_gen//LAB01SYSWBUDOWANE_pushbutton_component_configuration.pl  --do_build_sim=0  ]
Info (12250): Pushbutton: Done RTL generation for module 'LAB01SYSWBUDOWANE_pushbutton'
Info (12250): Pushbutton: "LAB01SYSWBUDOWANE" instantiated altera_avalon_pio "pushbutton"
Info (12250): Sw_sliders: Starting RTL generation for module 'LAB01SYSWBUDOWANE_sw_sliders'
Info (12250): Sw_sliders:   Generation command is [exec A:/intelfpga_lite/quartus/bin64/perl/bin/perl.exe -I A:/intelfpga_lite/quartus/bin64/perl/lib -I A:/intelfpga_lite/quartus/sopc_builder/bin/europa -I A:/intelfpga_lite/quartus/sopc_builder/bin/perl_lib -I A:/intelfpga_lite/quartus/sopc_builder/bin -I A:/intelfpga_lite/quartus/../ip/altera/sopc_builder_ip/common -I A:/intelfpga_lite/quartus/../ip/altera/sopc_builder_ip/altera_avalon_pio -- A:/intelfpga_lite/quartus/../ip/altera/sopc_builder_ip/altera_avalon_pio/generate_rtl.pl --name=LAB01SYSWBUDOWANE_sw_sliders --dir=C:/Users/SEBAST~1/AppData/Local/Temp/alt0033_3848136316234721135.dir/0007_sw_sliders_gen/ --quartus_dir=A:/intelfpga_lite/quartus --verilog --config=C:/Users/SEBAST~1/AppData/Local/Temp/alt0033_3848136316234721135.dir/0007_sw_sliders_gen//LAB01SYSWBUDOWANE_sw_sliders_component_configuration.pl  --do_build_sim=0  ]
Info (12250): Sw_sliders: Done RTL generation for module 'LAB01SYSWBUDOWANE_sw_sliders'
Info (12250): Sw_sliders: "LAB01SYSWBUDOWANE" instantiated altera_avalon_pio "sw_sliders"
Info (12250): Avalon_st_adapter: Inserting error_adapter: error_adapter_0
Info (12250): Avalon_st_adapter_001: Inserting error_adapter: error_adapter_0
Info (12250): Avalon_st_adapter_002: Inserting error_adapter: error_adapter_0
Info (12250): Avalon_st_adapter_003: Inserting error_adapter: error_adapter_0
Info (12250): Avalon_st_adapter_004: Inserting error_adapter: error_adapter_0
Info (12250): Avalon_st_adapter_005: Inserting error_adapter: error_adapter_0
Info (12250): Avalon_st_adapter_006: Inserting error_adapter: error_adapter_0
Info (12250): Mm_interconnect_0: "LAB01SYSWBUDOWANE" instantiated altera_mm_interconnect "mm_interconnect_0"
Info (12250): Irq_mapper: "LAB01SYSWBUDOWANE" instantiated altera_irq_mapper "irq_mapper"
Info (12250): Rst_controller: "LAB01SYSWBUDOWANE" instantiated altera_reset_controller "rst_controller"
Info (12250): Cpu: Starting RTL generation for module 'LAB01SYSWBUDOWANE_NIOS_II_Processor_cpu'
Info (12250): Cpu:   Generation command is [exec A:/intelFPGA_lite/quartus/bin64//eperlcmd.exe -I A:/intelFPGA_lite/quartus/bin64//perl/lib -I A:/intelfpga_lite/quartus/sopc_builder/bin/europa -I A:/intelfpga_lite/quartus/sopc_builder/bin/perl_lib -I A:/intelfpga_lite/quartus/sopc_builder/bin -I A:/intelfpga_lite/quartus/../ip/altera/nios2_ip/altera_nios2_gen2/cpu_lib -I A:/intelfpga_lite/quartus/../ip/altera/nios2_ip/altera_nios2_gen2/nios_lib -I A:/intelfpga_lite/quartus/../ip/altera/nios2_ip/altera_nios2_gen2 -I A:/intelfpga_lite/quartus/../ip/altera/nios2_ip/altera_nios2_gen2 -- A:/intelfpga_lite/quartus/../ip/altera/nios2_ip/altera_nios2_gen2/generate_rtl.epl --name=LAB01SYSWBUDOWANE_NIOS_II_Processor_cpu --dir=C:/Users/SEBAST~1/AppData/Local/Temp/alt0033_3848136316234721135.dir/0010_cpu_gen/ --quartus_bindir=A:/intelFPGA_lite/quartus/bin64/ --verilog --config=C:/Users/SEBAST~1/AppData/Local/Temp/alt0033_3848136316234721135.dir/0010_cpu_gen//LAB01SYSWBUDOWANE_NIOS_II_Processor_cpu_processor_configuration.pl  --do_build_sim=0  ]
Info (12250): Cpu: # 2024.11.06 21:43:43 (*) Starting Nios II generation
Info (12250): Cpu: # 2024.11.06 21:43:43 (*)   Checking for plaintext license.
Info (12250): Cpu: # 2024.11.06 21:43:43 (*)   Couldn't query license setup in Quartus directory A:/intelFPGA_lite/quartus/bin64/
Info (12250): Cpu: # 2024.11.06 21:43:43 (*)   Defaulting to contents of LM_LICENSE_FILE environment variable
Info (12250): Cpu: # 2024.11.06 21:43:43 (*)   LM_LICENSE_FILE environment variable is empty
Info (12250): Cpu: # 2024.11.06 21:43:43 (*)   Plaintext license not found.
Info (12250): Cpu: # 2024.11.06 21:43:43 (*)   Checking for encrypted license (non-evaluation).
Info (12250): Cpu: # 2024.11.06 21:43:44 (*)   Couldn't query license setup in Quartus directory A:/intelFPGA_lite/quartus/bin64/
Info (12250): Cpu: # 2024.11.06 21:43:44 (*)   Defaulting to contents of LM_LICENSE_FILE environment variable
Info (12250): Cpu: # 2024.11.06 21:43:44 (*)   LM_LICENSE_FILE environment variable is empty
Info (12250): Cpu: # 2024.11.06 21:43:44 (*)   Encrypted license not found.  Defaulting to OCP evaluation license (produces a time-limited SOF)
Info (12250): Cpu: # 2024.11.06 21:43:44 (*)   Elaborating CPU configuration settings
Info (12250): Cpu: # 2024.11.06 21:43:44 (*)   Creating all objects for CPU
Info (12250): Cpu: # 2024.11.06 21:43:44 (*)     Testbench
Info (12250): Cpu: # 2024.11.06 21:43:44 (*)     Instruction decoding
Info (12250): Cpu: # 2024.11.06 21:43:44 (*)       Instruction fields
Info (12250): Cpu: # 2024.11.06 21:43:44 (*)       Instruction decodes
Info (12250): Cpu: # 2024.11.06 21:43:44 (*)       Signals for RTL simulation waveforms
Info (12250): Cpu: # 2024.11.06 21:43:44 (*)       Instruction controls
Info (12250): Cpu: # 2024.11.06 21:43:44 (*)     Pipeline frontend
Info (12250): Cpu: # 2024.11.06 21:43:45 (*)     Pipeline backend
Info (12250): Cpu: # 2024.11.06 21:43:47 (*)   Generating RTL from CPU objects
Info (12250): Cpu: # 2024.11.06 21:43:48 (*)   Creating encrypted RTL
Info (12250): Cpu: # 2024.11.06 21:43:49 (*) Done Nios II generation
Info (12250): Cpu: Done RTL generation for module 'LAB01SYSWBUDOWANE_NIOS_II_Processor_cpu'
Info (12250): Cpu: "NIOS_II_Processor" instantiated altera_nios2_gen2_unit "cpu"
Info (12250): NIOS_II_Processor_data_master_translator: "mm_interconnect_0" instantiated altera_merlin_master_translator "NIOS_II_Processor_data_master_translator"
Info (12250): JTAG_UART_avalon_jtag_slave_translator: "mm_interconnect_0" instantiated altera_merlin_slave_translator "JTAG_UART_avalon_jtag_slave_translator"
Info (12250): NIOS_II_Processor_data_master_agent: "mm_interconnect_0" instantiated altera_merlin_master_agent "NIOS_II_Processor_data_master_agent"
Info (12250): JTAG_UART_avalon_jtag_slave_agent: "mm_interconnect_0" instantiated altera_merlin_slave_agent "JTAG_UART_avalon_jtag_slave_agent"
Info (12250): JTAG_UART_avalon_jtag_slave_agent_rsp_fifo: "mm_interconnect_0" instantiated altera_avalon_sc_fifo "JTAG_UART_avalon_jtag_slave_agent_rsp_fifo"
Info (12250): Router: "mm_interconnect_0" instantiated altera_merlin_router "router"
Info (12250): Router_001: "mm_interconnect_0" instantiated altera_merlin_router "router_001"
Info (12250): Router_002: "mm_interconnect_0" instantiated altera_merlin_router "router_002"
Info (12250): Router_004: "mm_interconnect_0" instantiated altera_merlin_router "router_004"
Info (12250): NIOS_II_Processor_data_master_limiter: "mm_interconnect_0" instantiated altera_merlin_traffic_limiter "NIOS_II_Processor_data_master_limiter"
Info (12250): Reusing file A:/Pulpit/LAB01SYSWBUDOWANE/db/ip/LAB01SYSWBUDOWANE/submodules/altera_avalon_sc_fifo.v
Info (12250): Cmd_demux: "mm_interconnect_0" instantiated altera_merlin_demultiplexer "cmd_demux"
Info (12250): Cmd_demux_001: "mm_interconnect_0" instantiated altera_merlin_demultiplexer "cmd_demux_001"
Info (12250): Cmd_mux: "mm_interconnect_0" instantiated altera_merlin_multiplexer "cmd_mux"
Info (12250): Cmd_mux_002: "mm_interconnect_0" instantiated altera_merlin_multiplexer "cmd_mux_002"
Info (12250): Reusing file A:/Pulpit/LAB01SYSWBUDOWANE/db/ip/LAB01SYSWBUDOWANE/submodules/altera_merlin_arbitrator.sv
Info (12250): Rsp_demux: "mm_interconnect_0" instantiated altera_merlin_demultiplexer "rsp_demux"
Info (12250): Rsp_demux_002: "mm_interconnect_0" instantiated altera_merlin_demultiplexer "rsp_demux_002"
Info (12250): Rsp_mux: "mm_interconnect_0" instantiated altera_merlin_multiplexer "rsp_mux"
Info (12250): Reusing file A:/Pulpit/LAB01SYSWBUDOWANE/db/ip/LAB01SYSWBUDOWANE/submodules/altera_merlin_arbitrator.sv
Info (12250): Rsp_mux_001: "mm_interconnect_0" instantiated altera_merlin_multiplexer "rsp_mux_001"
Info (12250): Reusing file A:/Pulpit/LAB01SYSWBUDOWANE/db/ip/LAB01SYSWBUDOWANE/submodules/altera_merlin_arbitrator.sv
Info (12250): Avalon_st_adapter: "mm_interconnect_0" instantiated altera_avalon_st_adapter "avalon_st_adapter"
Info (12250): Error_adapter_0: "avalon_st_adapter" instantiated error_adapter "error_adapter_0"
Info (12250): LAB01SYSWBUDOWANE: Done "LAB01SYSWBUDOWANE" with 32 modules, 52 files
Info (12249): Finished elaborating Platform Designer system entity "LAB01SYSWBUDOWANE.qsys"
Error (10500): VHDL syntax error at LAB01SYSWBUDOWANE_inst.vhd(1) near text "component";  expecting "entity", or "architecture", or "use", or "library", or "package", or "configuration" File: A:/Pulpit/LAB01SYSWBUDOWANE/LAB01SYSWBUDOWANE_inst.vhd Line: 1
Info (12021): Found 0 design units, including 0 entities, in source file lab01syswbudowane_inst.vhd
Info (12021): Found 1 design units, including 1 entities, in source file db/ip/lab01syswbudowane/lab01syswbudowane.v
    Info (12023): Found entity 1: LAB01SYSWBUDOWANE File: A:/Pulpit/LAB01SYSWBUDOWANE/db/ip/lab01syswbudowane/lab01syswbudowane.v Line: 6
Info (12021): Found 5 design units, including 5 entities, in source file db/ip/lab01syswbudowane/submodules/lab01syswbudowane_jtag_uart.v
    Info (12023): Found entity 1: LAB01SYSWBUDOWANE_JTAG_UART_sim_scfifo_w File: A:/Pulpit/LAB01SYSWBUDOWANE/db/ip/lab01syswbudowane/submodules/lab01syswbudowane_jtag_uart.v Line: 21
    Info (12023): Found entity 2: LAB01SYSWBUDOWANE_JTAG_UART_scfifo_w File: A:/Pulpit/LAB01SYSWBUDOWANE/db/ip/lab01syswbudowane/submodules/lab01syswbudowane_jtag_uart.v Line: 78
    Info (12023): Found entity 3: LAB01SYSWBUDOWANE_JTAG_UART_sim_scfifo_r File: A:/Pulpit/LAB01SYSWBUDOWANE/db/ip/lab01syswbudowane/submodules/lab01syswbudowane_jtag_uart.v Line: 164
    Info (12023): Found entity 4: LAB01SYSWBUDOWANE_JTAG_UART_scfifo_r File: A:/Pulpit/LAB01SYSWBUDOWANE/db/ip/lab01syswbudowane/submodules/lab01syswbudowane_jtag_uart.v Line: 243
    Info (12023): Found entity 5: LAB01SYSWBUDOWANE_JTAG_UART File: A:/Pulpit/LAB01SYSWBUDOWANE/db/ip/lab01syswbudowane/submodules/lab01syswbudowane_jtag_uart.v Line: 331
Info (12021): Found 1 design units, including 1 entities, in source file db/ip/lab01syswbudowane/submodules/lab01syswbudowane_nios_ii_processor.v
    Info (12023): Found entity 1: LAB01SYSWBUDOWANE_NIOS_II_Processor File: A:/Pulpit/LAB01SYSWBUDOWANE/db/ip/lab01syswbudowane/submodules/lab01syswbudowane_nios_ii_processor.v Line: 9
Info (12021): Found 27 design units, including 27 entities, in source file db/ip/lab01syswbudowane/submodules/lab01syswbudowane_nios_ii_processor_cpu.v
    Info (12023): Found entity 1: LAB01SYSWBUDOWANE_NIOS_II_Processor_cpu_ic_data_module File: A:/Pulpit/LAB01SYSWBUDOWANE/db/ip/lab01syswbudowane/submodules/lab01syswbudowane_nios_ii_processor_cpu.v Line: 21
    Info (12023): Found entity 2: LAB01SYSWBUDOWANE_NIOS_II_Processor_cpu_ic_tag_module File: A:/Pulpit/LAB01SYSWBUDOWANE/db/ip/lab01syswbudowane/submodules/lab01syswbudowane_nios_ii_processor_cpu.v Line: 89
    Info (12023): Found entity 3: LAB01SYSWBUDOWANE_NIOS_II_Processor_cpu_bht_module File: A:/Pulpit/LAB01SYSWBUDOWANE/db/ip/lab01syswbudowane/submodules/lab01syswbudowane_nios_ii_processor_cpu.v Line: 158
    Info (12023): Found entity 4: LAB01SYSWBUDOWANE_NIOS_II_Processor_cpu_register_bank_a_module File: A:/Pulpit/LAB01SYSWBUDOWANE/db/ip/lab01syswbudowane/submodules/lab01syswbudowane_nios_ii_processor_cpu.v Line: 227
    Info (12023): Found entity 5: LAB01SYSWBUDOWANE_NIOS_II_Processor_cpu_register_bank_b_module File: A:/Pulpit/LAB01SYSWBUDOWANE/db/ip/lab01syswbudowane/submodules/lab01syswbudowane_nios_ii_processor_cpu.v Line: 293
    Info (12023): Found entity 6: LAB01SYSWBUDOWANE_NIOS_II_Processor_cpu_dc_tag_module File: A:/Pulpit/LAB01SYSWBUDOWANE/db/ip/lab01syswbudowane/submodules/lab01syswbudowane_nios_ii_processor_cpu.v Line: 359
    Info (12023): Found entity 7: LAB01SYSWBUDOWANE_NIOS_II_Processor_cpu_dc_data_module File: A:/Pulpit/LAB01SYSWBUDOWANE/db/ip/lab01syswbudowane/submodules/lab01syswbudowane_nios_ii_processor_cpu.v Line: 425
    Info (12023): Found entity 8: LAB01SYSWBUDOWANE_NIOS_II_Processor_cpu_dc_victim_module File: A:/Pulpit/LAB01SYSWBUDOWANE/db/ip/lab01syswbudowane/submodules/lab01syswbudowane_nios_ii_processor_cpu.v Line: 494
    Info (12023): Found entity 9: LAB01SYSWBUDOWANE_NIOS_II_Processor_cpu_nios2_oci_debug File: A:/Pulpit/LAB01SYSWBUDOWANE/db/ip/lab01syswbudowane/submodules/lab01syswbudowane_nios_ii_processor_cpu.v Line: 562
    Info (12023): Found entity 10: LAB01SYSWBUDOWANE_NIOS_II_Processor_cpu_nios2_oci_break File: A:/Pulpit/LAB01SYSWBUDOWANE/db/ip/lab01syswbudowane/submodules/lab01syswbudowane_nios_ii_processor_cpu.v Line: 708
    Info (12023): Found entity 11: LAB01SYSWBUDOWANE_NIOS_II_Processor_cpu_nios2_oci_xbrk File: A:/Pulpit/LAB01SYSWBUDOWANE/db/ip/lab01syswbudowane/submodules/lab01syswbudowane_nios_ii_processor_cpu.v Line: 1001
    Info (12023): Found entity 12: LAB01SYSWBUDOWANE_NIOS_II_Processor_cpu_nios2_oci_dbrk File: A:/Pulpit/LAB01SYSWBUDOWANE/db/ip/lab01syswbudowane/submodules/lab01syswbudowane_nios_ii_processor_cpu.v Line: 1262
    Info (12023): Found entity 13: LAB01SYSWBUDOWANE_NIOS_II_Processor_cpu_nios2_oci_itrace File: A:/Pulpit/LAB01SYSWBUDOWANE/db/ip/lab01syswbudowane/submodules/lab01syswbudowane_nios_ii_processor_cpu.v Line: 1451
    Info (12023): Found entity 14: LAB01SYSWBUDOWANE_NIOS_II_Processor_cpu_nios2_oci_td_mode File: A:/Pulpit/LAB01SYSWBUDOWANE/db/ip/lab01syswbudowane/submodules/lab01syswbudowane_nios_ii_processor_cpu.v Line: 1634
    Info (12023): Found entity 15: LAB01SYSWBUDOWANE_NIOS_II_Processor_cpu_nios2_oci_dtrace File: A:/Pulpit/LAB01SYSWBUDOWANE/db/ip/lab01syswbudowane/submodules/lab01syswbudowane_nios_ii_processor_cpu.v Line: 1702
    Info (12023): Found entity 16: LAB01SYSWBUDOWANE_NIOS_II_Processor_cpu_nios2_oci_compute_input_tm_cnt File: A:/Pulpit/LAB01SYSWBUDOWANE/db/ip/lab01syswbudowane/submodules/lab01syswbudowane_nios_ii_processor_cpu.v Line: 1784
    Info (12023): Found entity 17: LAB01SYSWBUDOWANE_NIOS_II_Processor_cpu_nios2_oci_fifo_wrptr_inc File: A:/Pulpit/LAB01SYSWBUDOWANE/db/ip/lab01syswbudowane/submodules/lab01syswbudowane_nios_ii_processor_cpu.v Line: 1856
    Info (12023): Found entity 18: LAB01SYSWBUDOWANE_NIOS_II_Processor_cpu_nios2_oci_fifo_cnt_inc File: A:/Pulpit/LAB01SYSWBUDOWANE/db/ip/lab01syswbudowane/submodules/lab01syswbudowane_nios_ii_processor_cpu.v Line: 1899
    Info (12023): Found entity 19: LAB01SYSWBUDOWANE_NIOS_II_Processor_cpu_nios2_oci_fifo File: A:/Pulpit/LAB01SYSWBUDOWANE/db/ip/lab01syswbudowane/submodules/lab01syswbudowane_nios_ii_processor_cpu.v Line: 1946
    Info (12023): Found entity 20: LAB01SYSWBUDOWANE_NIOS_II_Processor_cpu_nios2_oci_pib File: A:/Pulpit/LAB01SYSWBUDOWANE/db/ip/lab01syswbudowane/submodules/lab01syswbudowane_nios_ii_processor_cpu.v Line: 2432
    Info (12023): Found entity 21: LAB01SYSWBUDOWANE_NIOS_II_Processor_cpu_nios2_oci_im File: A:/Pulpit/LAB01SYSWBUDOWANE/db/ip/lab01syswbudowane/submodules/lab01syswbudowane_nios_ii_processor_cpu.v Line: 2455
    Info (12023): Found entity 22: LAB01SYSWBUDOWANE_NIOS_II_Processor_cpu_nios2_performance_monitors File: A:/Pulpit/LAB01SYSWBUDOWANE/db/ip/lab01syswbudowane/submodules/lab01syswbudowane_nios_ii_processor_cpu.v Line: 2525
    Info (12023): Found entity 23: LAB01SYSWBUDOWANE_NIOS_II_Processor_cpu_nios2_avalon_reg File: A:/Pulpit/LAB01SYSWBUDOWANE/db/ip/lab01syswbudowane/submodules/lab01syswbudowane_nios_ii_processor_cpu.v Line: 2542
    Info (12023): Found entity 24: LAB01SYSWBUDOWANE_NIOS_II_Processor_cpu_ociram_sp_ram_module File: A:/Pulpit/LAB01SYSWBUDOWANE/db/ip/lab01syswbudowane/submodules/lab01syswbudowane_nios_ii_processor_cpu.v Line: 2635
    Info (12023): Found entity 25: LAB01SYSWBUDOWANE_NIOS_II_Processor_cpu_nios2_ocimem File: A:/Pulpit/LAB01SYSWBUDOWANE/db/ip/lab01syswbudowane/submodules/lab01syswbudowane_nios_ii_processor_cpu.v Line: 2700
    Info (12023): Found entity 26: LAB01SYSWBUDOWANE_NIOS_II_Processor_cpu_nios2_oci File: A:/Pulpit/LAB01SYSWBUDOWANE/db/ip/lab01syswbudowane/submodules/lab01syswbudowane_nios_ii_processor_cpu.v Line: 2881
    Info (12023): Found entity 27: LAB01SYSWBUDOWANE_NIOS_II_Processor_cpu File: A:/Pulpit/LAB01SYSWBUDOWANE/db/ip/lab01syswbudowane/submodules/lab01syswbudowane_nios_ii_processor_cpu.v Line: 3426
Info (12021): Found 1 design units, including 1 entities, in source file db/ip/lab01syswbudowane/submodules/lab01syswbudowane_nios_ii_processor_cpu_debug_slave_sysclk.v
    Info (12023): Found entity 1: LAB01SYSWBUDOWANE_NIOS_II_Processor_cpu_debug_slave_sysclk File: A:/Pulpit/LAB01SYSWBUDOWANE/db/ip/lab01syswbudowane/submodules/lab01syswbudowane_nios_ii_processor_cpu_debug_slave_sysclk.v Line: 21
Info (12021): Found 1 design units, including 1 entities, in source file db/ip/lab01syswbudowane/submodules/lab01syswbudowane_nios_ii_processor_cpu_debug_slave_tck.v
    Info (12023): Found entity 1: LAB01SYSWBUDOWANE_NIOS_II_Processor_cpu_debug_slave_tck File: A:/Pulpit/LAB01SYSWBUDOWANE/db/ip/lab01syswbudowane/submodules/lab01syswbudowane_nios_ii_processor_cpu_debug_slave_tck.v Line: 21
Info (12021): Found 1 design units, including 1 entities, in source file db/ip/lab01syswbudowane/submodules/lab01syswbudowane_nios_ii_processor_cpu_debug_slave_wrapper.v
    Info (12023): Found entity 1: LAB01SYSWBUDOWANE_NIOS_II_Processor_cpu_debug_slave_wrapper File: A:/Pulpit/LAB01SYSWBUDOWANE/db/ip/lab01syswbudowane/submodules/lab01syswbudowane_nios_ii_processor_cpu_debug_slave_wrapper.v Line: 21
Info (12021): Found 1 design units, including 1 entities, in source file db/ip/lab01syswbudowane/submodules/lab01syswbudowane_nios_ii_processor_cpu_mult_cell.v
    Info (12023): Found entity 1: LAB01SYSWBUDOWANE_NIOS_II_Processor_cpu_mult_cell File: A:/Pulpit/LAB01SYSWBUDOWANE/db/ip/lab01syswbudowane/submodules/lab01syswbudowane_nios_ii_processor_cpu_mult_cell.v Line: 21
Info (12021): Found 1 design units, including 1 entities, in source file db/ip/lab01syswbudowane/submodules/lab01syswbudowane_nios_ii_processor_cpu_test_bench.v
    Info (12023): Found entity 1: LAB01SYSWBUDOWANE_NIOS_II_Processor_cpu_test_bench File: A:/Pulpit/LAB01SYSWBUDOWANE/db/ip/lab01syswbudowane/submodules/lab01syswbudowane_nios_ii_processor_cpu_test_bench.v Line: 21
Info (12021): Found 1 design units, including 1 entities, in source file db/ip/lab01syswbudowane/submodules/lab01syswbudowane_onchip_memory.v
    Info (12023): Found entity 1: LAB01SYSWBUDOWANE_OnChip_Memory File: A:/Pulpit/LAB01SYSWBUDOWANE/db/ip/lab01syswbudowane/submodules/lab01syswbudowane_onchip_memory.v Line: 21
Info (12021): Found 1 design units, including 1 entities, in source file db/ip/lab01syswbudowane/submodules/lab01syswbudowane_irq_mapper.sv
    Info (12023): Found entity 1: LAB01SYSWBUDOWANE_irq_mapper File: A:/Pulpit/LAB01SYSWBUDOWANE/db/ip/lab01syswbudowane/submodules/lab01syswbudowane_irq_mapper.sv Line: 31
Info (12021): Found 1 design units, including 1 entities, in source file db/ip/lab01syswbudowane/submodules/lab01syswbudowane_leds.v
    Info (12023): Found entity 1: LAB01SYSWBUDOWANE_leds File: A:/Pulpit/LAB01SYSWBUDOWANE/db/ip/lab01syswbudowane/submodules/lab01syswbudowane_leds.v Line: 21
Info (12021): Found 1 design units, including 1 entities, in source file db/ip/lab01syswbudowane/submodules/lab01syswbudowane_mm_interconnect_0.v
    Info (12023): Found entity 1: LAB01SYSWBUDOWANE_mm_interconnect_0 File: A:/Pulpit/LAB01SYSWBUDOWANE/db/ip/lab01syswbudowane/submodules/lab01syswbudowane_mm_interconnect_0.v Line: 9
Info (12021): Found 1 design units, including 1 entities, in source file db/ip/lab01syswbudowane/submodules/lab01syswbudowane_mm_interconnect_0_avalon_st_adapter.v
    Info (12023): Found entity 1: LAB01SYSWBUDOWANE_mm_interconnect_0_avalon_st_adapter File: A:/Pulpit/LAB01SYSWBUDOWANE/db/ip/lab01syswbudowane/submodules/lab01syswbudowane_mm_interconnect_0_avalon_st_adapter.v Line: 9
Info (12021): Found 1 design units, including 1 entities, in source file db/ip/lab01syswbudowane/submodules/lab01syswbudowane_mm_interconnect_0_avalon_st_adapter_error_adapter_0.sv
    Info (12023): Found entity 1: LAB01SYSWBUDOWANE_mm_interconnect_0_avalon_st_adapter_error_adapter_0 File: A:/Pulpit/LAB01SYSWBUDOWANE/db/ip/lab01syswbudowane/submodules/lab01syswbudowane_mm_interconnect_0_avalon_st_adapter_error_adapter_0.sv Line: 66
Info (12021): Found 1 design units, including 1 entities, in source file db/ip/lab01syswbudowane/submodules/lab01syswbudowane_mm_interconnect_0_cmd_demux.sv
    Info (12023): Found entity 1: LAB01SYSWBUDOWANE_mm_interconnect_0_cmd_demux File: A:/Pulpit/LAB01SYSWBUDOWANE/db/ip/lab01syswbudowane/submodules/lab01syswbudowane_mm_interconnect_0_cmd_demux.sv Line: 43
Info (12021): Found 1 design units, including 1 entities, in source file db/ip/lab01syswbudowane/submodules/lab01syswbudowane_mm_interconnect_0_cmd_demux_001.sv
    Info (12023): Found entity 1: LAB01SYSWBUDOWANE_mm_interconnect_0_cmd_demux_001 File: A:/Pulpit/LAB01SYSWBUDOWANE/db/ip/lab01syswbudowane/submodules/lab01syswbudowane_mm_interconnect_0_cmd_demux_001.sv Line: 43
Info (12021): Found 1 design units, including 1 entities, in source file db/ip/lab01syswbudowane/submodules/lab01syswbudowane_mm_interconnect_0_cmd_mux.sv
    Info (12023): Found entity 1: LAB01SYSWBUDOWANE_mm_interconnect_0_cmd_mux File: A:/Pulpit/LAB01SYSWBUDOWANE/db/ip/lab01syswbudowane/submodules/lab01syswbudowane_mm_interconnect_0_cmd_mux.sv Line: 51
Info (12021): Found 1 design units, including 1 entities, in source file db/ip/lab01syswbudowane/submodules/lab01syswbudowane_mm_interconnect_0_cmd_mux_002.sv
    Info (12023): Found entity 1: LAB01SYSWBUDOWANE_mm_interconnect_0_cmd_mux_002 File: A:/Pulpit/LAB01SYSWBUDOWANE/db/ip/lab01syswbudowane/submodules/lab01syswbudowane_mm_interconnect_0_cmd_mux_002.sv Line: 51
Info (12021): Found 2 design units, including 2 entities, in source file db/ip/lab01syswbudowane/submodules/lab01syswbudowane_mm_interconnect_0_router.sv
    Info (12023): Found entity 1: LAB01SYSWBUDOWANE_mm_interconnect_0_router_default_decode File: A:/Pulpit/LAB01SYSWBUDOWANE/db/ip/lab01syswbudowane/submodules/lab01syswbudowane_mm_interconnect_0_router.sv Line: 45
    Info (12023): Found entity 2: LAB01SYSWBUDOWANE_mm_interconnect_0_router File: A:/Pulpit/LAB01SYSWBUDOWANE/db/ip/lab01syswbudowane/submodules/lab01syswbudowane_mm_interconnect_0_router.sv Line: 84
Info (12021): Found 2 design units, including 2 entities, in source file db/ip/lab01syswbudowane/submodules/lab01syswbudowane_mm_interconnect_0_router_001.sv
    Info (12023): Found entity 1: LAB01SYSWBUDOWANE_mm_interconnect_0_router_001_default_decode File: A:/Pulpit/LAB01SYSWBUDOWANE/db/ip/lab01syswbudowane/submodules/lab01syswbudowane_mm_interconnect_0_router_001.sv Line: 45
    Info (12023): Found entity 2: LAB01SYSWBUDOWANE_mm_interconnect_0_router_001 File: A:/Pulpit/LAB01SYSWBUDOWANE/db/ip/lab01syswbudowane/submodules/lab01syswbudowane_mm_interconnect_0_router_001.sv Line: 84
Info (12021): Found 2 design units, including 2 entities, in source file db/ip/lab01syswbudowane/submodules/lab01syswbudowane_mm_interconnect_0_router_002.sv
    Info (12023): Found entity 1: LAB01SYSWBUDOWANE_mm_interconnect_0_router_002_default_decode File: A:/Pulpit/LAB01SYSWBUDOWANE/db/ip/lab01syswbudowane/submodules/lab01syswbudowane_mm_interconnect_0_router_002.sv Line: 45
    Info (12023): Found entity 2: LAB01SYSWBUDOWANE_mm_interconnect_0_router_002 File: A:/Pulpit/LAB01SYSWBUDOWANE/db/ip/lab01syswbudowane/submodules/lab01syswbudowane_mm_interconnect_0_router_002.sv Line: 84
Info (12021): Found 2 design units, including 2 entities, in source file db/ip/lab01syswbudowane/submodules/lab01syswbudowane_mm_interconnect_0_router_004.sv
    Info (12023): Found entity 1: LAB01SYSWBUDOWANE_mm_interconnect_0_router_004_default_decode File: A:/Pulpit/LAB01SYSWBUDOWANE/db/ip/lab01syswbudowane/submodules/lab01syswbudowane_mm_interconnect_0_router_004.sv Line: 45
    Info (12023): Found entity 2: LAB01SYSWBUDOWANE_mm_interconnect_0_router_004 File: A:/Pulpit/LAB01SYSWBUDOWANE/db/ip/lab01syswbudowane/submodules/lab01syswbudowane_mm_interconnect_0_router_004.sv Line: 84
Info (12021): Found 1 design units, including 1 entities, in source file db/ip/lab01syswbudowane/submodules/lab01syswbudowane_mm_interconnect_0_rsp_demux.sv
    Info (12023): Found entity 1: LAB01SYSWBUDOWANE_mm_interconnect_0_rsp_demux File: A:/Pulpit/LAB01SYSWBUDOWANE/db/ip/lab01syswbudowane/submodules/lab01syswbudowane_mm_interconnect_0_rsp_demux.sv Line: 43
Info (12021): Found 1 design units, including 1 entities, in source file db/ip/lab01syswbudowane/submodules/lab01syswbudowane_mm_interconnect_0_rsp_demux_002.sv
    Info (12023): Found entity 1: LAB01SYSWBUDOWANE_mm_interconnect_0_rsp_demux_002 File: A:/Pulpit/LAB01SYSWBUDOWANE/db/ip/lab01syswbudowane/submodules/lab01syswbudowane_mm_interconnect_0_rsp_demux_002.sv Line: 43
Info (12021): Found 1 design units, including 1 entities, in source file db/ip/lab01syswbudowane/submodules/lab01syswbudowane_mm_interconnect_0_rsp_mux.sv
    Info (12023): Found entity 1: LAB01SYSWBUDOWANE_mm_interconnect_0_rsp_mux File: A:/Pulpit/LAB01SYSWBUDOWANE/db/ip/lab01syswbudowane/submodules/lab01syswbudowane_mm_interconnect_0_rsp_mux.sv Line: 51
Info (12021): Found 1 design units, including 1 entities, in source file db/ip/lab01syswbudowane/submodules/lab01syswbudowane_mm_interconnect_0_rsp_mux_001.sv
    Info (12023): Found entity 1: LAB01SYSWBUDOWANE_mm_interconnect_0_rsp_mux_001 File: A:/Pulpit/LAB01SYSWBUDOWANE/db/ip/lab01syswbudowane/submodules/lab01syswbudowane_mm_interconnect_0_rsp_mux_001.sv Line: 51
Info (12021): Found 1 design units, including 1 entities, in source file db/ip/lab01syswbudowane/submodules/lab01syswbudowane_pushbutton.v
    Info (12023): Found entity 1: LAB01SYSWBUDOWANE_pushbutton File: A:/Pulpit/LAB01SYSWBUDOWANE/db/ip/lab01syswbudowane/submodules/lab01syswbudowane_pushbutton.v Line: 21
Info (12021): Found 1 design units, including 1 entities, in source file db/ip/lab01syswbudowane/submodules/lab01syswbudowane_sw_sliders.v
    Info (12023): Found entity 1: LAB01SYSWBUDOWANE_sw_sliders File: A:/Pulpit/LAB01SYSWBUDOWANE/db/ip/lab01syswbudowane/submodules/lab01syswbudowane_sw_sliders.v Line: 21
Info (12021): Found 1 design units, including 1 entities, in source file db/ip/lab01syswbudowane/submodules/seg7_if.v
    Info (12023): Found entity 1: SEG7_IF File: A:/Pulpit/LAB01SYSWBUDOWANE/db/ip/lab01syswbudowane/submodules/seg7_if.v Line: 45
Info (12021): Found 1 design units, including 1 entities, in source file db/ip/lab01syswbudowane/submodules/altera_avalon_sc_fifo.v
    Info (12023): Found entity 1: altera_avalon_sc_fifo File: A:/Pulpit/LAB01SYSWBUDOWANE/db/ip/lab01syswbudowane/submodules/altera_avalon_sc_fifo.v Line: 21
Info (12021): Found 1 design units, including 1 entities, in source file db/ip/lab01syswbudowane/submodules/altera_avalon_st_pipeline_base.v
    Info (12023): Found entity 1: altera_avalon_st_pipeline_base File: A:/Pulpit/LAB01SYSWBUDOWANE/db/ip/lab01syswbudowane/submodules/altera_avalon_st_pipeline_base.v Line: 22
Info (12021): Found 2 design units, including 2 entities, in source file db/ip/lab01syswbudowane/submodules/altera_merlin_arbitrator.sv
    Info (12023): Found entity 1: altera_merlin_arbitrator File: A:/Pulpit/LAB01SYSWBUDOWANE/db/ip/lab01syswbudowane/submodules/altera_merlin_arbitrator.sv Line: 103
    Info (12023): Found entity 2: altera_merlin_arb_adder File: A:/Pulpit/LAB01SYSWBUDOWANE/db/ip/lab01syswbudowane/submodules/altera_merlin_arbitrator.sv Line: 228
Info (12021): Found 1 design units, including 1 entities, in source file db/ip/lab01syswbudowane/submodules/altera_merlin_burst_uncompressor.sv
    Info (12023): Found entity 1: altera_merlin_burst_uncompressor File: A:/Pulpit/LAB01SYSWBUDOWANE/db/ip/lab01syswbudowane/submodules/altera_merlin_burst_uncompressor.sv Line: 40
Info (12021): Found 1 design units, including 1 entities, in source file db/ip/lab01syswbudowane/submodules/altera_merlin_master_agent.sv
    Info (12023): Found entity 1: altera_merlin_master_agent File: A:/Pulpit/LAB01SYSWBUDOWANE/db/ip/lab01syswbudowane/submodules/altera_merlin_master_agent.sv Line: 28
Info (12021): Found 1 design units, including 1 entities, in source file db/ip/lab01syswbudowane/submodules/altera_merlin_master_translator.sv
    Info (12023): Found entity 1: altera_merlin_master_translator File: A:/Pulpit/LAB01SYSWBUDOWANE/db/ip/lab01syswbudowane/submodules/altera_merlin_master_translator.sv Line: 32
Info (12021): Found 2 design units, including 2 entities, in source file db/ip/lab01syswbudowane/submodules/altera_merlin_reorder_memory.sv
    Info (12023): Found entity 1: altera_merlin_reorder_memory File: A:/Pulpit/LAB01SYSWBUDOWANE/db/ip/lab01syswbudowane/submodules/altera_merlin_reorder_memory.sv Line: 28
    Info (12023): Found entity 2: memory_pointer_controller File: A:/Pulpit/LAB01SYSWBUDOWANE/db/ip/lab01syswbudowane/submodules/altera_merlin_reorder_memory.sv Line: 185
Info (12021): Found 1 design units, including 1 entities, in source file db/ip/lab01syswbudowane/submodules/altera_merlin_slave_agent.sv
    Info (12023): Found entity 1: altera_merlin_slave_agent File: A:/Pulpit/LAB01SYSWBUDOWANE/db/ip/lab01syswbudowane/submodules/altera_merlin_slave_agent.sv Line: 34
Info (12021): Found 1 design units, including 1 entities, in source file db/ip/lab01syswbudowane/submodules/altera_merlin_slave_translator.sv
    Info (12023): Found entity 1: altera_merlin_slave_translator File: A:/Pulpit/LAB01SYSWBUDOWANE/db/ip/lab01syswbudowane/submodules/altera_merlin_slave_translator.sv Line: 35
Info (12021): Found 1 design units, including 1 entities, in source file db/ip/lab01syswbudowane/submodules/altera_merlin_traffic_limiter.sv
    Info (12023): Found entity 1: altera_merlin_traffic_limiter File: A:/Pulpit/LAB01SYSWBUDOWANE/db/ip/lab01syswbudowane/submodules/altera_merlin_traffic_limiter.sv Line: 49
Info (12021): Found 1 design units, including 1 entities, in source file db/ip/lab01syswbudowane/submodules/altera_reset_controller.v
    Info (12023): Found entity 1: altera_reset_controller File: A:/Pulpit/LAB01SYSWBUDOWANE/db/ip/lab01syswbudowane/submodules/altera_reset_controller.v Line: 42
Info (12021): Found 1 design units, including 1 entities, in source file db/ip/lab01syswbudowane/submodules/altera_reset_synchronizer.v
    Info (12023): Found entity 1: altera_reset_synchronizer File: A:/Pulpit/LAB01SYSWBUDOWANE/db/ip/lab01syswbudowane/submodules/altera_reset_synchronizer.v Line: 24
Info (144001): Generated suppressed messages file A:/Pulpit/LAB01SYSWBUDOWANE/output_files/LAB01SYSWBUDOWANE.map.smsg
Error: Quartus Prime Analysis & Synthesis was unsuccessful. 1 error, 1 warning
    Error: Peak virtual memory: 4846 megabytes
    Error: Processing ended: Wed Nov 06 21:43:54 2024
    Error: Elapsed time: 00:01:10
    Error: Total CPU time (on all processors): 00:00:46


+------------------------------------------+
; Analysis & Synthesis Suppressed Messages ;
+------------------------------------------+
The suppressed messages can be found in A:/Pulpit/LAB01SYSWBUDOWANE/output_files/LAB01SYSWBUDOWANE.map.smsg.


