IP Upgrade report for DE1_SoC_Computer
Tue Dec 03 11:42:47 2024
Quartus Prime Version 17.1.0 Build 590 10/25/2017 SJ Lite Edition


---------------------
; Table of Contents ;
---------------------
  1. Legal Notice
  2. IP Upgrade Summary
  3. IP Upgrade Messages



----------------
; Legal Notice ;
----------------
Copyright (C) 2017  Intel Corporation. All rights reserved.
Your use of Intel Corporation's design tools, logic functions 
and other software and tools, and its AMPP partner logic 
functions, and any output files from any of the foregoing 
(including device programming or simulation files), and any 
associated documentation or information are expressly subject 
to the terms and conditions of the Intel Program License 
Subscription Agreement, the Intel Quartus Prime License Agreement,
the Intel FPGA IP License Agreement, or other applicable license
agreement, including, without limitation, that your use is for
the sole purpose of programming logic devices manufactured by
Intel and sold by Intel or its authorized distributors.  Please
refer to the applicable agreement for further details.



+----------------------------------------------------------------------------+
; IP Upgrade Summary                                                         ;
+------------------------------+---------------------------------------------+
; IP Components Upgrade Status ; Failed - Tue Dec 03 11:42:47 2024           ;
; Quartus Prime Version        ; 17.1.0 Build 590 10/25/2017 SJ Lite Edition ;
; Revision Name                ; DE1_SoC_Computer                            ;
; Top-level Entity Name        ; DE1_SoC_Computer                            ;
; Family                       ; Cyclone V                                   ;
+------------------------------+---------------------------------------------+


+---------------------+
; IP Upgrade Messages ;
+---------------------+
Info (23030): Evaluation of Tcl script a:/intelfpga_lite/quartus/common/tcl/internal/ip_regen/ip_regen.tcl was successful
Info: Quartus Prime Shell was successful. 0 errors, 0 warnings
    Info: Peak virtual memory: 4868 megabytes
    Info: Processing ended: Tue Dec 03 11:42:56 2024
    Info: Elapsed time: 00:00:23
    Info: Total CPU time (on all processors): 00:00:19


